<?xml version="1.0" encoding="UTF-8"?>
<testng-results ignored="0" total="1" passed="1" failed="0" skipped="0">
  <reporter-output>
  </reporter-output>
  <suite started-at="2022-04-08T14:34:14 IST" name="Default suite" finished-at="2022-04-08T14:34:14 IST" duration-ms="113">
    <groups>
    </groups>
    <test started-at="2022-04-08T14:34:14 IST" name="Default test" finished-at="2022-04-08T14:34:14 IST" duration-ms="113">
      <class name="testngproject1.TEST1">
        <test-method signature="method1()[pri:0, instance:testngproject1.TEST1@6d4e5011]" started-at="2022-04-08T14:34:14 IST" name="method1" finished-at="2022-04-08T14:34:14 IST" duration-ms="20" status="PASS">
          <reporter-output>
          </reporter-output>
        </test-method> <!-- method1 -->
      </class> <!-- testngproject1.TEST1 -->
    </test> <!-- Default test -->
  </suite> <!-- Default suite -->
</testng-results>
